2018/08/21 03:09:10 [error] [system.db.CDbCommand] CDbCommand::fetchAll() failed: SQLSTATE[42S02]: Base table or view not found: 1146 Table 'sidicinst1.{{post}}' doesn't exist. The SQL statement executed was: SHOW FULL COLUMNS FROM `{{post}}`.
2018/08/21 03:09:10 [error] [exception.CDbException] exception 'CDbException' with message 'The table "{{post}}" for active record class "Post" cannot be found in the database.' in C:\wamp64\www\yii\framework\db\ar\CActiveRecord.php:2362
Stack trace:
#0 C:\wamp64\www\yii\framework\db\ar\CActiveRecord.php(411): CActiveRecordMetaData->__construct(Object(Post))
#1 C:\wamp64\www\yii\framework\db\ar\CActiveRecord.php(658): CActiveRecord->getMetaData()
#2 C:\wamp64\www\yii\framework\db\ar\CActiveFinder.php(389): CActiveRecord->getTableSchema()
#3 C:\wamp64\www\yii\framework\db\ar\CActiveFinder.php(47): CJoinElement->__construct(Object(CActiveFinder), Object(Post))
#4 C:\wamp64\www\yii\framework\db\ar\CActiveRecord.php(909): CActiveFinder->__construct(Object(Post), 'commentCount')
#5 C:\wamp64\www\yii\framework\db\ar\CActiveRecord.php(1604): CActiveRecord->getActiveFinder('commentCount')
#6 C:\wamp64\www\yii\framework\web\CActiveDataProvider.php(228): CActiveRecord->count(Object(CDbCriteria))
#7 C:\wamp64\www\yii\framework\web\CDataProvider.php(224): CActiveDataProvider->calculateTotalItemCount()
#8 C:\wamp64\www\yii\framework\web\CActiveDataProvider.php(178): CDataProvider->getTotalItemCount()
#9 C:\wamp64\www\yii\framework\web\CDataProvider.php(168): CActiveDataProvider->fetchData()
#10 C:\wamp64\www\yii\framework\zii\widgets\CBaseListView.php(111): CDataProvider->getData()
#11 C:\wamp64\www\yii\framework\zii\widgets\CListView.php(211): CBaseListView->init()
#12 C:\wamp64\www\yii\framework\web\CBaseController.php(147): CListView->init()
#13 C:\wamp64\www\yii\framework\web\CBaseController.php(172): CBaseController->createWidget('zii.widgets.CLi...', Array)
#14 C:\wamp64\www\yii\demos\blog\protected\views\post\index.php(9): CBaseController->widget('zii.widgets.CLi...', Array)
#15 C:\wamp64\www\yii\framework\web\CBaseController.php(126): require('C:\\wamp64\\www\\y...')
#16 C:\wamp64\www\yii\framework\web\CBaseController.php(95): CBaseController->renderInternal('C:\\wamp64\\www\\y...', Array, true)
#17 C:\wamp64\www\yii\framework\web\CController.php(869): CBaseController->renderFile('C:\\wamp64\\www\\y...', Array, true)
#18 C:\wamp64\www\yii\framework\web\CController.php(782): CController->renderPartial('index', Array, true)
#19 C:\wamp64\www\yii\demos\blog\protected\controllers\PostController.php(136): CController->render('index', Array)
#20 C:\wamp64\www\yii\framework\web\actions\CInlineAction.php(49): PostController->actionIndex()
#21 C:\wamp64\www\yii\framework\web\CController.php(308): CInlineAction->runWithParams(Array)
#22 C:\wamp64\www\yii\framework\web\filters\CFilterChain.php(133): CController->runAction(Object(CInlineAction))
#23 C:\wamp64\www\yii\framework\web\filters\CFilter.php(40): CFilterChain->run()
#24 C:\wamp64\www\yii\framework\web\CController.php(1145): CFilter->filter(Object(CFilterChain))
#25 C:\wamp64\www\yii\framework\web\filters\CInlineFilter.php(58): CController->filterAccessControl(Object(CFilterChain))
#26 C:\wamp64\www\yii\framework\web\filters\CFilterChain.php(130): CInlineFilter->filter(Object(CFilterChain))
#27 C:\wamp64\www\yii\framework\web\CController.php(291): CFilterChain->run()
#28 C:\wamp64\www\yii\framework\web\CController.php(265): CController->runActionWithFilters(Object(CInlineAction), Array)
#29 C:\wamp64\www\yii\framework\web\CWebApplication.php(282): CController->run('')
#30 C:\wamp64\www\yii\framework\web\CWebApplication.php(141): CWebApplication->runController('')
#31 C:\wamp64\www\yii\framework\base\CApplication.php(180): CWebApplication->processRequest()
#32 C:\wamp64\www\yii\demos\blog\index.php(11): CApplication->run()
#33 {main}
REQUEST_URI=/yii/demos/blog/
---
2018/08/21 03:18:34 [error] [system.db.CDbCommand] CDbCommand::fetchAll() failed: SQLSTATE[42S02]: Base table or view not found: 1146 Table 'sidicinst1.{{post}}' doesn't exist. The SQL statement executed was: SHOW FULL COLUMNS FROM `{{post}}`.
2018/08/21 03:18:34 [error] [exception.CDbException] exception 'CDbException' with message 'The table "{{post}}" for active record class "Post" cannot be found in the database.' in C:\wamp64\www\yii\framework\db\ar\CActiveRecord.php:2362
Stack trace:
#0 C:\wamp64\www\yii\framework\db\ar\CActiveRecord.php(411): CActiveRecordMetaData->__construct(Object(Post))
#1 C:\wamp64\www\yii\framework\db\ar\CActiveRecord.php(658): CActiveRecord->getMetaData()
#2 C:\wamp64\www\yii\framework\db\ar\CActiveFinder.php(389): CActiveRecord->getTableSchema()
#3 C:\wamp64\www\yii\framework\db\ar\CActiveFinder.php(47): CJoinElement->__construct(Object(CActiveFinder), Object(Post))
#4 C:\wamp64\www\yii\framework\db\ar\CActiveRecord.php(909): CActiveFinder->__construct(Object(Post), 'commentCount')
#5 C:\wamp64\www\yii\framework\db\ar\CActiveRecord.php(1604): CActiveRecord->getActiveFinder('commentCount')
#6 C:\wamp64\www\yii\framework\web\CActiveDataProvider.php(228): CActiveRecord->count(Object(CDbCriteria))
#7 C:\wamp64\www\yii\framework\web\CDataProvider.php(224): CActiveDataProvider->calculateTotalItemCount()
#8 C:\wamp64\www\yii\framework\web\CActiveDataProvider.php(178): CDataProvider->getTotalItemCount()
#9 C:\wamp64\www\yii\framework\web\CDataProvider.php(168): CActiveDataProvider->fetchData()
#10 C:\wamp64\www\yii\framework\zii\widgets\CBaseListView.php(111): CDataProvider->getData()
#11 C:\wamp64\www\yii\framework\zii\widgets\CListView.php(211): CBaseListView->init()
#12 C:\wamp64\www\yii\framework\web\CBaseController.php(147): CListView->init()
#13 C:\wamp64\www\yii\framework\web\CBaseController.php(172): CBaseController->createWidget('zii.widgets.CLi...', Array)
#14 C:\wamp64\www\yii\demos\blog\protected\views\post\index.php(9): CBaseController->widget('zii.widgets.CLi...', Array)
#15 C:\wamp64\www\yii\framework\web\CBaseController.php(126): require('C:\\wamp64\\www\\y...')
#16 C:\wamp64\www\yii\framework\web\CBaseController.php(95): CBaseController->renderInternal('C:\\wamp64\\www\\y...', Array, true)
#17 C:\wamp64\www\yii\framework\web\CController.php(869): CBaseController->renderFile('C:\\wamp64\\www\\y...', Array, true)
#18 C:\wamp64\www\yii\framework\web\CController.php(782): CController->renderPartial('index', Array, true)
#19 C:\wamp64\www\yii\demos\blog\protected\controllers\PostController.php(136): CController->render('index', Array)
#20 C:\wamp64\www\yii\framework\web\actions\CInlineAction.php(49): PostController->actionIndex()
#21 C:\wamp64\www\yii\framework\web\CController.php(308): CInlineAction->runWithParams(Array)
#22 C:\wamp64\www\yii\framework\web\filters\CFilterChain.php(133): CController->runAction(Object(CInlineAction))
#23 C:\wamp64\www\yii\framework\web\filters\CFilter.php(40): CFilterChain->run()
#24 C:\wamp64\www\yii\framework\web\CController.php(1145): CFilter->filter(Object(CFilterChain))
#25 C:\wamp64\www\yii\framework\web\filters\CInlineFilter.php(58): CController->filterAccessControl(Object(CFilterChain))
#26 C:\wamp64\www\yii\framework\web\filters\CFilterChain.php(130): CInlineFilter->filter(Object(CFilterChain))
#27 C:\wamp64\www\yii\framework\web\CController.php(291): CFilterChain->run()
#28 C:\wamp64\www\yii\framework\web\CController.php(265): CController->runActionWithFilters(Object(CInlineAction), Array)
#29 C:\wamp64\www\yii\framework\web\CWebApplication.php(282): CController->run('')
#30 C:\wamp64\www\yii\framework\web\CWebApplication.php(141): CWebApplication->runController('')
#31 C:\wamp64\www\yii\framework\base\CApplication.php(180): CWebApplication->processRequest()
#32 C:\wamp64\www\yii\demos\blog\index.php(11): CApplication->run()
#33 {main}
REQUEST_URI=/yii/demos/blog/
---
2018/08/21 03:19:05 [error] [system.db.CDbCommand] CDbCommand::fetchAll() failed: SQLSTATE[42S02]: Base table or view not found: 1146 Table 'blog.{{post}}' doesn't exist. The SQL statement executed was: SHOW FULL COLUMNS FROM `{{post}}`.
2018/08/21 03:19:05 [error] [exception.CDbException] exception 'CDbException' with message 'The table "{{post}}" for active record class "Post" cannot be found in the database.' in C:\wamp64\www\yii\framework\db\ar\CActiveRecord.php:2362
Stack trace:
#0 C:\wamp64\www\yii\framework\db\ar\CActiveRecord.php(411): CActiveRecordMetaData->__construct(Object(Post))
#1 C:\wamp64\www\yii\framework\db\ar\CActiveRecord.php(658): CActiveRecord->getMetaData()
#2 C:\wamp64\www\yii\framework\db\ar\CActiveFinder.php(389): CActiveRecord->getTableSchema()
#3 C:\wamp64\www\yii\framework\db\ar\CActiveFinder.php(47): CJoinElement->__construct(Object(CActiveFinder), Object(Post))
#4 C:\wamp64\www\yii\framework\db\ar\CActiveRecord.php(909): CActiveFinder->__construct(Object(Post), 'commentCount')
#5 C:\wamp64\www\yii\framework\db\ar\CActiveRecord.php(1604): CActiveRecord->getActiveFinder('commentCount')
#6 C:\wamp64\www\yii\framework\web\CActiveDataProvider.php(228): CActiveRecord->count(Object(CDbCriteria))
#7 C:\wamp64\www\yii\framework\web\CDataProvider.php(224): CActiveDataProvider->calculateTotalItemCount()
#8 C:\wamp64\www\yii\framework\web\CActiveDataProvider.php(178): CDataProvider->getTotalItemCount()
#9 C:\wamp64\www\yii\framework\web\CDataProvider.php(168): CActiveDataProvider->fetchData()
#10 C:\wamp64\www\yii\framework\zii\widgets\CBaseListView.php(111): CDataProvider->getData()
#11 C:\wamp64\www\yii\framework\zii\widgets\CListView.php(211): CBaseListView->init()
#12 C:\wamp64\www\yii\framework\web\CBaseController.php(147): CListView->init()
#13 C:\wamp64\www\yii\framework\web\CBaseController.php(172): CBaseController->createWidget('zii.widgets.CLi...', Array)
#14 C:\wamp64\www\yii\demos\blog\protected\views\post\index.php(9): CBaseController->widget('zii.widgets.CLi...', Array)
#15 C:\wamp64\www\yii\framework\web\CBaseController.php(126): require('C:\\wamp64\\www\\y...')
#16 C:\wamp64\www\yii\framework\web\CBaseController.php(95): CBaseController->renderInternal('C:\\wamp64\\www\\y...', Array, true)
#17 C:\wamp64\www\yii\framework\web\CController.php(869): CBaseController->renderFile('C:\\wamp64\\www\\y...', Array, true)
#18 C:\wamp64\www\yii\framework\web\CController.php(782): CController->renderPartial('index', Array, true)
#19 C:\wamp64\www\yii\demos\blog\protected\controllers\PostController.php(136): CController->render('index', Array)
#20 C:\wamp64\www\yii\framework\web\actions\CInlineAction.php(49): PostController->actionIndex()
#21 C:\wamp64\www\yii\framework\web\CController.php(308): CInlineAction->runWithParams(Array)
#22 C:\wamp64\www\yii\framework\web\filters\CFilterChain.php(133): CController->runAction(Object(CInlineAction))
#23 C:\wamp64\www\yii\framework\web\filters\CFilter.php(40): CFilterChain->run()
#24 C:\wamp64\www\yii\framework\web\CController.php(1145): CFilter->filter(Object(CFilterChain))
#25 C:\wamp64\www\yii\framework\web\filters\CInlineFilter.php(58): CController->filterAccessControl(Object(CFilterChain))
#26 C:\wamp64\www\yii\framework\web\filters\CFilterChain.php(130): CInlineFilter->filter(Object(CFilterChain))
#27 C:\wamp64\www\yii\framework\web\CController.php(291): CFilterChain->run()
#28 C:\wamp64\www\yii\framework\web\CController.php(265): CController->runActionWithFilters(Object(CInlineAction), Array)
#29 C:\wamp64\www\yii\framework\web\CWebApplication.php(282): CController->run('')
#30 C:\wamp64\www\yii\framework\web\CWebApplication.php(141): CWebApplication->runController('')
#31 C:\wamp64\www\yii\framework\base\CApplication.php(180): CWebApplication->processRequest()
#32 C:\wamp64\www\yii\demos\blog\index.php(11): CApplication->run()
#33 {main}
REQUEST_URI=/yii/demos/blog/
---
2018/08/21 03:19:08 [error] [system.db.CDbCommand] CDbCommand::fetchAll() failed: SQLSTATE[42S02]: Base table or view not found: 1146 Table 'blog.{{post}}' doesn't exist. The SQL statement executed was: SHOW FULL COLUMNS FROM `{{post}}`.
2018/08/21 03:19:08 [error] [exception.CDbException] exception 'CDbException' with message 'The table "{{post}}" for active record class "Post" cannot be found in the database.' in C:\wamp64\www\yii\framework\db\ar\CActiveRecord.php:2362
Stack trace:
#0 C:\wamp64\www\yii\framework\db\ar\CActiveRecord.php(411): CActiveRecordMetaData->__construct(Object(Post))
#1 C:\wamp64\www\yii\framework\db\ar\CActiveRecord.php(658): CActiveRecord->getMetaData()
#2 C:\wamp64\www\yii\framework\db\ar\CActiveFinder.php(389): CActiveRecord->getTableSchema()
#3 C:\wamp64\www\yii\framework\db\ar\CActiveFinder.php(47): CJoinElement->__construct(Object(CActiveFinder), Object(Post))
#4 C:\wamp64\www\yii\framework\db\ar\CActiveRecord.php(909): CActiveFinder->__construct(Object(Post), 'commentCount')
#5 C:\wamp64\www\yii\framework\db\ar\CActiveRecord.php(1604): CActiveRecord->getActiveFinder('commentCount')
#6 C:\wamp64\www\yii\framework\web\CActiveDataProvider.php(228): CActiveRecord->count(Object(CDbCriteria))
#7 C:\wamp64\www\yii\framework\web\CDataProvider.php(224): CActiveDataProvider->calculateTotalItemCount()
#8 C:\wamp64\www\yii\framework\web\CActiveDataProvider.php(178): CDataProvider->getTotalItemCount()
#9 C:\wamp64\www\yii\framework\web\CDataProvider.php(168): CActiveDataProvider->fetchData()
#10 C:\wamp64\www\yii\framework\zii\widgets\CBaseListView.php(111): CDataProvider->getData()
#11 C:\wamp64\www\yii\framework\zii\widgets\CListView.php(211): CBaseListView->init()
#12 C:\wamp64\www\yii\framework\web\CBaseController.php(147): CListView->init()
#13 C:\wamp64\www\yii\framework\web\CBaseController.php(172): CBaseController->createWidget('zii.widgets.CLi...', Array)
#14 C:\wamp64\www\yii\demos\blog\protected\views\post\index.php(9): CBaseController->widget('zii.widgets.CLi...', Array)
#15 C:\wamp64\www\yii\framework\web\CBaseController.php(126): require('C:\\wamp64\\www\\y...')
#16 C:\wamp64\www\yii\framework\web\CBaseController.php(95): CBaseController->renderInternal('C:\\wamp64\\www\\y...', Array, true)
#17 C:\wamp64\www\yii\framework\web\CController.php(869): CBaseController->renderFile('C:\\wamp64\\www\\y...', Array, true)
#18 C:\wamp64\www\yii\framework\web\CController.php(782): CController->renderPartial('index', Array, true)
#19 C:\wamp64\www\yii\demos\blog\protected\controllers\PostController.php(136): CController->render('index', Array)
#20 C:\wamp64\www\yii\framework\web\actions\CInlineAction.php(49): PostController->actionIndex()
#21 C:\wamp64\www\yii\framework\web\CController.php(308): CInlineAction->runWithParams(Array)
#22 C:\wamp64\www\yii\framework\web\filters\CFilterChain.php(133): CController->runAction(Object(CInlineAction))
#23 C:\wamp64\www\yii\framework\web\filters\CFilter.php(40): CFilterChain->run()
#24 C:\wamp64\www\yii\framework\web\CController.php(1145): CFilter->filter(Object(CFilterChain))
#25 C:\wamp64\www\yii\framework\web\filters\CInlineFilter.php(58): CController->filterAccessControl(Object(CFilterChain))
#26 C:\wamp64\www\yii\framework\web\filters\CFilterChain.php(130): CInlineFilter->filter(Object(CFilterChain))
#27 C:\wamp64\www\yii\framework\web\CController.php(291): CFilterChain->run()
#28 C:\wamp64\www\yii\framework\web\CController.php(265): CController->runActionWithFilters(Object(CInlineAction), Array)
#29 C:\wamp64\www\yii\framework\web\CWebApplication.php(282): CController->run('')
#30 C:\wamp64\www\yii\framework\web\CWebApplication.php(141): CWebApplication->runController('')
#31 C:\wamp64\www\yii\framework\base\CApplication.php(180): CWebApplication->processRequest()
#32 C:\wamp64\www\yii\demos\blog\index.php(11): CApplication->run()
#33 {main}
REQUEST_URI=/yii/demos/blog/
---
2018/08/21 03:23:46 [error] [system.db.CDbCommand] CDbCommand::fetchAll() failed: SQLSTATE[42S02]: Base table or view not found: 1146 Table 'blog.{{post}}' doesn't exist. The SQL statement executed was: SHOW FULL COLUMNS FROM `{{post}}`.
2018/08/21 03:23:46 [error] [exception.CDbException] exception 'CDbException' with message 'The table "{{post}}" for active record class "Post" cannot be found in the database.' in C:\wamp64\www\yii\framework\db\ar\CActiveRecord.php:2362
Stack trace:
#0 C:\wamp64\www\yii\framework\db\ar\CActiveRecord.php(411): CActiveRecordMetaData->__construct(Object(Post))
#1 C:\wamp64\www\yii\framework\db\ar\CActiveRecord.php(658): CActiveRecord->getMetaData()
#2 C:\wamp64\www\yii\framework\db\ar\CActiveFinder.php(389): CActiveRecord->getTableSchema()
#3 C:\wamp64\www\yii\framework\db\ar\CActiveFinder.php(47): CJoinElement->__construct(Object(CActiveFinder), Object(Post))
#4 C:\wamp64\www\yii\framework\db\ar\CActiveRecord.php(909): CActiveFinder->__construct(Object(Post), 'commentCount')
#5 C:\wamp64\www\yii\framework\db\ar\CActiveRecord.php(1604): CActiveRecord->getActiveFinder('commentCount')
#6 C:\wamp64\www\yii\framework\web\CActiveDataProvider.php(228): CActiveRecord->count(Object(CDbCriteria))
#7 C:\wamp64\www\yii\framework\web\CDataProvider.php(224): CActiveDataProvider->calculateTotalItemCount()
#8 C:\wamp64\www\yii\framework\web\CActiveDataProvider.php(178): CDataProvider->getTotalItemCount()
#9 C:\wamp64\www\yii\framework\web\CDataProvider.php(168): CActiveDataProvider->fetchData()
#10 C:\wamp64\www\yii\framework\zii\widgets\CBaseListView.php(111): CDataProvider->getData()
#11 C:\wamp64\www\yii\framework\zii\widgets\CListView.php(211): CBaseListView->init()
#12 C:\wamp64\www\yii\framework\web\CBaseController.php(147): CListView->init()
#13 C:\wamp64\www\yii\framework\web\CBaseController.php(172): CBaseController->createWidget('zii.widgets.CLi...', Array)
#14 C:\wamp64\www\yii\demos\blog\protected\views\post\index.php(9): CBaseController->widget('zii.widgets.CLi...', Array)
#15 C:\wamp64\www\yii\framework\web\CBaseController.php(126): require('C:\\wamp64\\www\\y...')
#16 C:\wamp64\www\yii\framework\web\CBaseController.php(95): CBaseController->renderInternal('C:\\wamp64\\www\\y...', Array, true)
#17 C:\wamp64\www\yii\framework\web\CController.php(869): CBaseController->renderFile('C:\\wamp64\\www\\y...', Array, true)
#18 C:\wamp64\www\yii\framework\web\CController.php(782): CController->renderPartial('index', Array, true)
#19 C:\wamp64\www\yii\demos\blog\protected\controllers\PostController.php(136): CController->render('index', Array)
#20 C:\wamp64\www\yii\framework\web\actions\CInlineAction.php(49): PostController->actionIndex()
#21 C:\wamp64\www\yii\framework\web\CController.php(308): CInlineAction->runWithParams(Array)
#22 C:\wamp64\www\yii\framework\web\filters\CFilterChain.php(133): CController->runAction(Object(CInlineAction))
#23 C:\wamp64\www\yii\framework\web\filters\CFilter.php(40): CFilterChain->run()
#24 C:\wamp64\www\yii\framework\web\CController.php(1145): CFilter->filter(Object(CFilterChain))
#25 C:\wamp64\www\yii\framework\web\filters\CInlineFilter.php(58): CController->filterAccessControl(Object(CFilterChain))
#26 C:\wamp64\www\yii\framework\web\filters\CFilterChain.php(130): CInlineFilter->filter(Object(CFilterChain))
#27 C:\wamp64\www\yii\framework\web\CController.php(291): CFilterChain->run()
#28 C:\wamp64\www\yii\framework\web\CController.php(265): CController->runActionWithFilters(Object(CInlineAction), Array)
#29 C:\wamp64\www\yii\framework\web\CWebApplication.php(282): CController->run('')
#30 C:\wamp64\www\yii\framework\web\CWebApplication.php(141): CWebApplication->runController('')
#31 C:\wamp64\www\yii\framework\base\CApplication.php(180): CWebApplication->processRequest()
#32 C:\wamp64\www\yii\demos\blog\index.php(11): CApplication->run()
#33 {main}
REQUEST_URI=/yii/demos/blog/
---
2018/08/21 03:24:14 [error] [system.db.CDbCommand] CDbCommand::fetchAll() failed: SQLSTATE[42S02]: Base table or view not found: 1146 Table 'blog.{{post}}' doesn't exist. The SQL statement executed was: SHOW FULL COLUMNS FROM `{{post}}`.
2018/08/21 03:24:14 [error] [exception.CDbException] exception 'CDbException' with message 'The table "{{post}}" for active record class "Post" cannot be found in the database.' in C:\wamp64\www\yii\framework\db\ar\CActiveRecord.php:2362
Stack trace:
#0 C:\wamp64\www\yii\framework\db\ar\CActiveRecord.php(411): CActiveRecordMetaData->__construct(Object(Post))
#1 C:\wamp64\www\yii\framework\db\ar\CActiveRecord.php(658): CActiveRecord->getMetaData()
#2 C:\wamp64\www\yii\framework\db\ar\CActiveFinder.php(389): CActiveRecord->getTableSchema()
#3 C:\wamp64\www\yii\framework\db\ar\CActiveFinder.php(47): CJoinElement->__construct(Object(CActiveFinder), Object(Post))
#4 C:\wamp64\www\yii\framework\db\ar\CActiveRecord.php(909): CActiveFinder->__construct(Object(Post), 'commentCount')
#5 C:\wamp64\www\yii\framework\db\ar\CActiveRecord.php(1604): CActiveRecord->getActiveFinder('commentCount')
#6 C:\wamp64\www\yii\framework\web\CActiveDataProvider.php(228): CActiveRecord->count(Object(CDbCriteria))
#7 C:\wamp64\www\yii\framework\web\CDataProvider.php(224): CActiveDataProvider->calculateTotalItemCount()
#8 C:\wamp64\www\yii\framework\web\CActiveDataProvider.php(178): CDataProvider->getTotalItemCount()
#9 C:\wamp64\www\yii\framework\web\CDataProvider.php(168): CActiveDataProvider->fetchData()
#10 C:\wamp64\www\yii\framework\zii\widgets\CBaseListView.php(111): CDataProvider->getData()
#11 C:\wamp64\www\yii\framework\zii\widgets\CListView.php(211): CBaseListView->init()
#12 C:\wamp64\www\yii\framework\web\CBaseController.php(147): CListView->init()
#13 C:\wamp64\www\yii\framework\web\CBaseController.php(172): CBaseController->createWidget('zii.widgets.CLi...', Array)
#14 C:\wamp64\www\yii\demos\blog\protected\views\post\index.php(9): CBaseController->widget('zii.widgets.CLi...', Array)
#15 C:\wamp64\www\yii\framework\web\CBaseController.php(126): require('C:\\wamp64\\www\\y...')
#16 C:\wamp64\www\yii\framework\web\CBaseController.php(95): CBaseController->renderInternal('C:\\wamp64\\www\\y...', Array, true)
#17 C:\wamp64\www\yii\framework\web\CController.php(869): CBaseController->renderFile('C:\\wamp64\\www\\y...', Array, true)
#18 C:\wamp64\www\yii\framework\web\CController.php(782): CController->renderPartial('index', Array, true)
#19 C:\wamp64\www\yii\demos\blog\protected\controllers\PostController.php(136): CController->render('index', Array)
#20 C:\wamp64\www\yii\framework\web\actions\CInlineAction.php(49): PostController->actionIndex()
#21 C:\wamp64\www\yii\framework\web\CController.php(308): CInlineAction->runWithParams(Array)
#22 C:\wamp64\www\yii\framework\web\filters\CFilterChain.php(133): CController->runAction(Object(CInlineAction))
#23 C:\wamp64\www\yii\framework\web\filters\CFilter.php(40): CFilterChain->run()
#24 C:\wamp64\www\yii\framework\web\CController.php(1145): CFilter->filter(Object(CFilterChain))
#25 C:\wamp64\www\yii\framework\web\filters\CInlineFilter.php(58): CController->filterAccessControl(Object(CFilterChain))
#26 C:\wamp64\www\yii\framework\web\filters\CFilterChain.php(130): CInlineFilter->filter(Object(CFilterChain))
#27 C:\wamp64\www\yii\framework\web\CController.php(291): CFilterChain->run()
#28 C:\wamp64\www\yii\framework\web\CController.php(265): CController->runActionWithFilters(Object(CInlineAction), Array)
#29 C:\wamp64\www\yii\framework\web\CWebApplication.php(282): CController->run('')
#30 C:\wamp64\www\yii\framework\web\CWebApplication.php(141): CWebApplication->runController('')
#31 C:\wamp64\www\yii\framework\base\CApplication.php(180): CWebApplication->processRequest()
#32 C:\wamp64\www\yii\demos\blog\index.php(11): CApplication->run()
#33 {main}
REQUEST_URI=/yii/demos/blog/
---
2018/08/21 03:24:47 [error] [system.db.CDbCommand] CDbCommand::fetchAll() failed: SQLSTATE[42S02]: Base table or view not found: 1146 Table 'blog.{{post}}' doesn't exist. The SQL statement executed was: SHOW FULL COLUMNS FROM `{{post}}`.
2018/08/21 03:24:47 [error] [exception.CDbException] exception 'CDbException' with message 'The table "{{post}}" for active record class "Post" cannot be found in the database.' in C:\wamp64\www\yii\framework\db\ar\CActiveRecord.php:2362
Stack trace:
#0 C:\wamp64\www\yii\framework\db\ar\CActiveRecord.php(411): CActiveRecordMetaData->__construct(Object(Post))
#1 C:\wamp64\www\yii\framework\db\ar\CActiveRecord.php(658): CActiveRecord->getMetaData()
#2 C:\wamp64\www\yii\framework\db\ar\CActiveFinder.php(389): CActiveRecord->getTableSchema()
#3 C:\wamp64\www\yii\framework\db\ar\CActiveFinder.php(47): CJoinElement->__construct(Object(CActiveFinder), Object(Post))
#4 C:\wamp64\www\yii\framework\db\ar\CActiveRecord.php(909): CActiveFinder->__construct(Object(Post), 'commentCount')
#5 C:\wamp64\www\yii\framework\db\ar\CActiveRecord.php(1604): CActiveRecord->getActiveFinder('commentCount')
#6 C:\wamp64\www\yii\framework\web\CActiveDataProvider.php(228): CActiveRecord->count(Object(CDbCriteria))
#7 C:\wamp64\www\yii\framework\web\CDataProvider.php(224): CActiveDataProvider->calculateTotalItemCount()
#8 C:\wamp64\www\yii\framework\web\CActiveDataProvider.php(178): CDataProvider->getTotalItemCount()
#9 C:\wamp64\www\yii\framework\web\CDataProvider.php(168): CActiveDataProvider->fetchData()
#10 C:\wamp64\www\yii\framework\zii\widgets\CBaseListView.php(111): CDataProvider->getData()
#11 C:\wamp64\www\yii\framework\zii\widgets\CListView.php(211): CBaseListView->init()
#12 C:\wamp64\www\yii\framework\web\CBaseController.php(147): CListView->init()
#13 C:\wamp64\www\yii\framework\web\CBaseController.php(172): CBaseController->createWidget('zii.widgets.CLi...', Array)
#14 C:\wamp64\www\yii\demos\blog\protected\views\post\index.php(9): CBaseController->widget('zii.widgets.CLi...', Array)
#15 C:\wamp64\www\yii\framework\web\CBaseController.php(126): require('C:\\wamp64\\www\\y...')
#16 C:\wamp64\www\yii\framework\web\CBaseController.php(95): CBaseController->renderInternal('C:\\wamp64\\www\\y...', Array, true)
#17 C:\wamp64\www\yii\framework\web\CController.php(869): CBaseController->renderFile('C:\\wamp64\\www\\y...', Array, true)
#18 C:\wamp64\www\yii\framework\web\CController.php(782): CController->renderPartial('index', Array, true)
#19 C:\wamp64\www\yii\demos\blog\protected\controllers\PostController.php(136): CController->render('index', Array)
#20 C:\wamp64\www\yii\framework\web\actions\CInlineAction.php(49): PostController->actionIndex()
#21 C:\wamp64\www\yii\framework\web\CController.php(308): CInlineAction->runWithParams(Array)
#22 C:\wamp64\www\yii\framework\web\filters\CFilterChain.php(133): CController->runAction(Object(CInlineAction))
#23 C:\wamp64\www\yii\framework\web\filters\CFilter.php(40): CFilterChain->run()
#24 C:\wamp64\www\yii\framework\web\CController.php(1145): CFilter->filter(Object(CFilterChain))
#25 C:\wamp64\www\yii\framework\web\filters\CInlineFilter.php(58): CController->filterAccessControl(Object(CFilterChain))
#26 C:\wamp64\www\yii\framework\web\filters\CFilterChain.php(130): CInlineFilter->filter(Object(CFilterChain))
#27 C:\wamp64\www\yii\framework\web\CController.php(291): CFilterChain->run()
#28 C:\wamp64\www\yii\framework\web\CController.php(265): CController->runActionWithFilters(Object(CInlineAction), Array)
#29 C:\wamp64\www\yii\framework\web\CWebApplication.php(282): CController->run('')
#30 C:\wamp64\www\yii\framework\web\CWebApplication.php(141): CWebApplication->runController('')
#31 C:\wamp64\www\yii\framework\base\CApplication.php(180): CWebApplication->processRequest()
#32 C:\wamp64\www\yii\demos\blog\index.php(11): CApplication->run()
#33 {main}
REQUEST_URI=/yii/demos/blog/
---
2018/08/21 03:24:49 [error] [system.db.CDbCommand] CDbCommand::fetchAll() failed: SQLSTATE[42S02]: Base table or view not found: 1146 Table 'blog.{{post}}' doesn't exist. The SQL statement executed was: SHOW FULL COLUMNS FROM `{{post}}`.
2018/08/21 03:24:49 [error] [exception.CDbException] exception 'CDbException' with message 'The table "{{post}}" for active record class "Post" cannot be found in the database.' in C:\wamp64\www\yii\framework\db\ar\CActiveRecord.php:2362
Stack trace:
#0 C:\wamp64\www\yii\framework\db\ar\CActiveRecord.php(411): CActiveRecordMetaData->__construct(Object(Post))
#1 C:\wamp64\www\yii\framework\db\ar\CActiveRecord.php(658): CActiveRecord->getMetaData()
#2 C:\wamp64\www\yii\framework\db\ar\CActiveFinder.php(389): CActiveRecord->getTableSchema()
#3 C:\wamp64\www\yii\framework\db\ar\CActiveFinder.php(47): CJoinElement->__construct(Object(CActiveFinder), Object(Post))
#4 C:\wamp64\www\yii\framework\db\ar\CActiveRecord.php(909): CActiveFinder->__construct(Object(Post), 'commentCount')
#5 C:\wamp64\www\yii\framework\db\ar\CActiveRecord.php(1604): CActiveRecord->getActiveFinder('commentCount')
#6 C:\wamp64\www\yii\framework\web\CActiveDataProvider.php(228): CActiveRecord->count(Object(CDbCriteria))
#7 C:\wamp64\www\yii\framework\web\CDataProvider.php(224): CActiveDataProvider->calculateTotalItemCount()
#8 C:\wamp64\www\yii\framework\web\CActiveDataProvider.php(178): CDataProvider->getTotalItemCount()
#9 C:\wamp64\www\yii\framework\web\CDataProvider.php(168): CActiveDataProvider->fetchData()
#10 C:\wamp64\www\yii\framework\zii\widgets\CBaseListView.php(111): CDataProvider->getData()
#11 C:\wamp64\www\yii\framework\zii\widgets\CListView.php(211): CBaseListView->init()
#12 C:\wamp64\www\yii\framework\web\CBaseController.php(147): CListView->init()
#13 C:\wamp64\www\yii\framework\web\CBaseController.php(172): CBaseController->createWidget('zii.widgets.CLi...', Array)
#14 C:\wamp64\www\yii\demos\blog\protected\views\post\index.php(9): CBaseController->widget('zii.widgets.CLi...', Array)
#15 C:\wamp64\www\yii\framework\web\CBaseController.php(126): require('C:\\wamp64\\www\\y...')
#16 C:\wamp64\www\yii\framework\web\CBaseController.php(95): CBaseController->renderInternal('C:\\wamp64\\www\\y...', Array, true)
#17 C:\wamp64\www\yii\framework\web\CController.php(869): CBaseController->renderFile('C:\\wamp64\\www\\y...', Array, true)
#18 C:\wamp64\www\yii\framework\web\CController.php(782): CController->renderPartial('index', Array, true)
#19 C:\wamp64\www\yii\demos\blog\protected\controllers\PostController.php(136): CController->render('index', Array)
#20 C:\wamp64\www\yii\framework\web\actions\CInlineAction.php(49): PostController->actionIndex()
#21 C:\wamp64\www\yii\framework\web\CController.php(308): CInlineAction->runWithParams(Array)
#22 C:\wamp64\www\yii\framework\web\filters\CFilterChain.php(133): CController->runAction(Object(CInlineAction))
#23 C:\wamp64\www\yii\framework\web\filters\CFilter.php(40): CFilterChain->run()
#24 C:\wamp64\www\yii\framework\web\CController.php(1145): CFilter->filter(Object(CFilterChain))
#25 C:\wamp64\www\yii\framework\web\filters\CInlineFilter.php(58): CController->filterAccessControl(Object(CFilterChain))
#26 C:\wamp64\www\yii\framework\web\filters\CFilterChain.php(130): CInlineFilter->filter(Object(CFilterChain))
#27 C:\wamp64\www\yii\framework\web\CController.php(291): CFilterChain->run()
#28 C:\wamp64\www\yii\framework\web\CController.php(265): CController->runActionWithFilters(Object(CInlineAction), Array)
#29 C:\wamp64\www\yii\framework\web\CWebApplication.php(282): CController->run('')
#30 C:\wamp64\www\yii\framework\web\CWebApplication.php(141): CWebApplication->runController('')
#31 C:\wamp64\www\yii\framework\base\CApplication.php(180): CWebApplication->processRequest()
#32 C:\wamp64\www\yii\demos\blog\index.php(11): CApplication->run()
#33 {main}
REQUEST_URI=/yii/demos/blog/
---
2018/08/21 03:24:51 [error] [system.db.CDbCommand] CDbCommand::fetchAll() failed: SQLSTATE[42S02]: Base table or view not found: 1146 Table 'blog.{{post}}' doesn't exist. The SQL statement executed was: SHOW FULL COLUMNS FROM `{{post}}`.
2018/08/21 03:24:51 [error] [exception.CDbException] exception 'CDbException' with message 'The table "{{post}}" for active record class "Post" cannot be found in the database.' in C:\wamp64\www\yii\framework\db\ar\CActiveRecord.php:2362
Stack trace:
#0 C:\wamp64\www\yii\framework\db\ar\CActiveRecord.php(411): CActiveRecordMetaData->__construct(Object(Post))
#1 C:\wamp64\www\yii\framework\db\ar\CActiveRecord.php(658): CActiveRecord->getMetaData()
#2 C:\wamp64\www\yii\framework\db\ar\CActiveFinder.php(389): CActiveRecord->getTableSchema()
#3 C:\wamp64\www\yii\framework\db\ar\CActiveFinder.php(47): CJoinElement->__construct(Object(CActiveFinder), Object(Post))
#4 C:\wamp64\www\yii\framework\db\ar\CActiveRecord.php(909): CActiveFinder->__construct(Object(Post), 'commentCount')
#5 C:\wamp64\www\yii\framework\db\ar\CActiveRecord.php(1604): CActiveRecord->getActiveFinder('commentCount')
#6 C:\wamp64\www\yii\framework\web\CActiveDataProvider.php(228): CActiveRecord->count(Object(CDbCriteria))
#7 C:\wamp64\www\yii\framework\web\CDataProvider.php(224): CActiveDataProvider->calculateTotalItemCount()
#8 C:\wamp64\www\yii\framework\web\CActiveDataProvider.php(178): CDataProvider->getTotalItemCount()
#9 C:\wamp64\www\yii\framework\web\CDataProvider.php(168): CActiveDataProvider->fetchData()
#10 C:\wamp64\www\yii\framework\zii\widgets\CBaseListView.php(111): CDataProvider->getData()
#11 C:\wamp64\www\yii\framework\zii\widgets\CListView.php(211): CBaseListView->init()
#12 C:\wamp64\www\yii\framework\web\CBaseController.php(147): CListView->init()
#13 C:\wamp64\www\yii\framework\web\CBaseController.php(172): CBaseController->createWidget('zii.widgets.CLi...', Array)
#14 C:\wamp64\www\yii\demos\blog\protected\views\post\index.php(9): CBaseController->widget('zii.widgets.CLi...', Array)
#15 C:\wamp64\www\yii\framework\web\CBaseController.php(126): require('C:\\wamp64\\www\\y...')
#16 C:\wamp64\www\yii\framework\web\CBaseController.php(95): CBaseController->renderInternal('C:\\wamp64\\www\\y...', Array, true)
#17 C:\wamp64\www\yii\framework\web\CController.php(869): CBaseController->renderFile('C:\\wamp64\\www\\y...', Array, true)
#18 C:\wamp64\www\yii\framework\web\CController.php(782): CController->renderPartial('index', Array, true)
#19 C:\wamp64\www\yii\demos\blog\protected\controllers\PostController.php(136): CController->render('index', Array)
#20 C:\wamp64\www\yii\framework\web\actions\CInlineAction.php(49): PostController->actionIndex()
#21 C:\wamp64\www\yii\framework\web\CController.php(308): CInlineAction->runWithParams(Array)
#22 C:\wamp64\www\yii\framework\web\filters\CFilterChain.php(133): CController->runAction(Object(CInlineAction))
#23 C:\wamp64\www\yii\framework\web\filters\CFilter.php(40): CFilterChain->run()
#24 C:\wamp64\www\yii\framework\web\CController.php(1145): CFilter->filter(Object(CFilterChain))
#25 C:\wamp64\www\yii\framework\web\filters\CInlineFilter.php(58): CController->filterAccessControl(Object(CFilterChain))
#26 C:\wamp64\www\yii\framework\web\filters\CFilterChain.php(130): CInlineFilter->filter(Object(CFilterChain))
#27 C:\wamp64\www\yii\framework\web\CController.php(291): CFilterChain->run()
#28 C:\wamp64\www\yii\framework\web\CController.php(265): CController->runActionWithFilters(Object(CInlineAction), Array)
#29 C:\wamp64\www\yii\framework\web\CWebApplication.php(282): CController->run('')
#30 C:\wamp64\www\yii\framework\web\CWebApplication.php(141): CWebApplication->runController('')
#31 C:\wamp64\www\yii\framework\base\CApplication.php(180): CWebApplication->processRequest()
#32 C:\wamp64\www\yii\demos\blog\index.php(11): CApplication->run()
#33 {main}
REQUEST_URI=/yii/demos/blog/
---
2018/08/21 03:25:54 [error] [system.db.CDbCommand] CDbCommand::fetchAll() failed: SQLSTATE[42S02]: Base table or view not found: 1146 Table 'blog.{{user}}' doesn't exist. The SQL statement executed was: SHOW FULL COLUMNS FROM `{{user}}`.
2018/08/21 03:25:54 [error] [exception.CDbException] exception 'CDbException' with message 'The table "{{user}}" for active record class "User" cannot be found in the database.' in C:\wamp64\www\yii\framework\db\ar\CActiveRecord.php:2362
Stack trace:
#0 C:\wamp64\www\yii\framework\db\ar\CActiveRecord.php(411): CActiveRecordMetaData->__construct(Object(User))
#1 C:\wamp64\www\yii\framework\db\ar\CActiveRecord.php(658): CActiveRecord->getMetaData()
#2 C:\wamp64\www\yii\framework\db\ar\CActiveRecord.php(1350): CActiveRecord->getTableSchema()
#3 C:\wamp64\www\yii\framework\db\ar\CActiveRecord.php(1456): CActiveRecord->query(Object(CDbCriteria))
#4 C:\wamp64\www\yii\demos\blog\protected\components\UserIdentity.php(18): CActiveRecord->find('LOWER(username)...', Array)
#5 C:\wamp64\www\yii\demos\blog\protected\models\LoginForm.php(50): UserIdentity->authenticate()
#6 C:\wamp64\www\yii\framework\validators\CInlineValidator.php(42): LoginForm->authenticate('password', Array)
#7 C:\wamp64\www\yii\framework\validators\CValidator.php(213): CInlineValidator->validateAttribute(Object(LoginForm), 'password')
#8 C:\wamp64\www\yii\framework\base\CModel.php(159): CValidator->validate(Object(LoginForm), NULL)
#9 C:\wamp64\www\yii\framework\web\widgets\CActiveForm.php(920): CModel->validate(NULL)
#10 C:\wamp64\www\yii\demos\blog\protected\controllers\SiteController.php(73): CActiveForm::validate(Object(LoginForm))
#11 C:\wamp64\www\yii\framework\web\actions\CInlineAction.php(49): SiteController->actionLogin()
#12 C:\wamp64\www\yii\framework\web\CController.php(308): CInlineAction->runWithParams(Array)
#13 C:\wamp64\www\yii\framework\web\CController.php(286): CController->runAction(Object(CInlineAction))
#14 C:\wamp64\www\yii\framework\web\CController.php(265): CController->runActionWithFilters(Object(CInlineAction), Array)
#15 C:\wamp64\www\yii\framework\web\CWebApplication.php(282): CController->run('login')
#16 C:\wamp64\www\yii\framework\web\CWebApplication.php(141): CWebApplication->runController('site/login')
#17 C:\wamp64\www\yii\framework\base\CApplication.php(180): CWebApplication->processRequest()
#18 C:\wamp64\www\yii\demos\blog\index.php(11): CApplication->run()
#19 {main}
REQUEST_URI=/yii/demos/blog/index.php/site/login
HTTP_REFERER=http://localhost/yii/demos/blog/index.php/site/login
---
2018/08/21 03:25:56 [error] [system.db.CDbCommand] CDbCommand::fetchAll() failed: SQLSTATE[42S02]: Base table or view not found: 1146 Table 'blog.{{user}}' doesn't exist. The SQL statement executed was: SHOW FULL COLUMNS FROM `{{user}}`.
2018/08/21 03:25:56 [error] [exception.CDbException] exception 'CDbException' with message 'The table "{{user}}" for active record class "User" cannot be found in the database.' in C:\wamp64\www\yii\framework\db\ar\CActiveRecord.php:2362
Stack trace:
#0 C:\wamp64\www\yii\framework\db\ar\CActiveRecord.php(411): CActiveRecordMetaData->__construct(Object(User))
#1 C:\wamp64\www\yii\framework\db\ar\CActiveRecord.php(658): CActiveRecord->getMetaData()
#2 C:\wamp64\www\yii\framework\db\ar\CActiveRecord.php(1350): CActiveRecord->getTableSchema()
#3 C:\wamp64\www\yii\framework\db\ar\CActiveRecord.php(1456): CActiveRecord->query(Object(CDbCriteria))
#4 C:\wamp64\www\yii\demos\blog\protected\components\UserIdentity.php(18): CActiveRecord->find('LOWER(username)...', Array)
#5 C:\wamp64\www\yii\demos\blog\protected\models\LoginForm.php(50): UserIdentity->authenticate()
#6 C:\wamp64\www\yii\framework\validators\CInlineValidator.php(42): LoginForm->authenticate('password', Array)
#7 C:\wamp64\www\yii\framework\validators\CValidator.php(213): CInlineValidator->validateAttribute(Object(LoginForm), 'password')
#8 C:\wamp64\www\yii\framework\base\CModel.php(159): CValidator->validate(Object(LoginForm), NULL)
#9 C:\wamp64\www\yii\framework\web\widgets\CActiveForm.php(920): CModel->validate(NULL)
#10 C:\wamp64\www\yii\demos\blog\protected\controllers\SiteController.php(73): CActiveForm::validate(Object(LoginForm))
#11 C:\wamp64\www\yii\framework\web\actions\CInlineAction.php(49): SiteController->actionLogin()
#12 C:\wamp64\www\yii\framework\web\CController.php(308): CInlineAction->runWithParams(Array)
#13 C:\wamp64\www\yii\framework\web\CController.php(286): CController->runAction(Object(CInlineAction))
#14 C:\wamp64\www\yii\framework\web\CController.php(265): CController->runActionWithFilters(Object(CInlineAction), Array)
#15 C:\wamp64\www\yii\framework\web\CWebApplication.php(282): CController->run('login')
#16 C:\wamp64\www\yii\framework\web\CWebApplication.php(141): CWebApplication->runController('site/login')
#17 C:\wamp64\www\yii\framework\base\CApplication.php(180): CWebApplication->processRequest()
#18 C:\wamp64\www\yii\demos\blog\index.php(11): CApplication->run()
#19 {main}
REQUEST_URI=/yii/demos/blog/index.php/site/login
HTTP_REFERER=http://localhost/yii/demos/blog/index.php/site/login
---
2018/08/21 03:25:57 [error] [system.db.CDbCommand] CDbCommand::fetchAll() failed: SQLSTATE[42S02]: Base table or view not found: 1146 Table 'blog.{{user}}' doesn't exist. The SQL statement executed was: SHOW FULL COLUMNS FROM `{{user}}`.
2018/08/21 03:25:57 [error] [exception.CDbException] exception 'CDbException' with message 'The table "{{user}}" for active record class "User" cannot be found in the database.' in C:\wamp64\www\yii\framework\db\ar\CActiveRecord.php:2362
Stack trace:
#0 C:\wamp64\www\yii\framework\db\ar\CActiveRecord.php(411): CActiveRecordMetaData->__construct(Object(User))
#1 C:\wamp64\www\yii\framework\db\ar\CActiveRecord.php(658): CActiveRecord->getMetaData()
#2 C:\wamp64\www\yii\framework\db\ar\CActiveRecord.php(1350): CActiveRecord->getTableSchema()
#3 C:\wamp64\www\yii\framework\db\ar\CActiveRecord.php(1456): CActiveRecord->query(Object(CDbCriteria))
#4 C:\wamp64\www\yii\demos\blog\protected\components\UserIdentity.php(18): CActiveRecord->find('LOWER(username)...', Array)
#5 C:\wamp64\www\yii\demos\blog\protected\models\LoginForm.php(50): UserIdentity->authenticate()
#6 C:\wamp64\www\yii\framework\validators\CInlineValidator.php(42): LoginForm->authenticate('password', Array)
#7 C:\wamp64\www\yii\framework\validators\CValidator.php(213): CInlineValidator->validateAttribute(Object(LoginForm), 'password')
#8 C:\wamp64\www\yii\framework\base\CModel.php(159): CValidator->validate(Object(LoginForm), NULL)
#9 C:\wamp64\www\yii\demos\blog\protected\controllers\SiteController.php(82): CModel->validate()
#10 C:\wamp64\www\yii\framework\web\actions\CInlineAction.php(49): SiteController->actionLogin()
#11 C:\wamp64\www\yii\framework\web\CController.php(308): CInlineAction->runWithParams(Array)
#12 C:\wamp64\www\yii\framework\web\CController.php(286): CController->runAction(Object(CInlineAction))
#13 C:\wamp64\www\yii\framework\web\CController.php(265): CController->runActionWithFilters(Object(CInlineAction), Array)
#14 C:\wamp64\www\yii\framework\web\CWebApplication.php(282): CController->run('login')
#15 C:\wamp64\www\yii\framework\web\CWebApplication.php(141): CWebApplication->runController('site/login')
#16 C:\wamp64\www\yii\framework\base\CApplication.php(180): CWebApplication->processRequest()
#17 C:\wamp64\www\yii\demos\blog\index.php(11): CApplication->run()
#18 {main}
REQUEST_URI=/yii/demos/blog/index.php/site/login
HTTP_REFERER=http://localhost/yii/demos/blog/index.php/site/login
---
2018/08/21 03:32:57 [error] [system.db.CDbCommand] CDbCommand::fetchAll() failed: SQLSTATE[42S02]: Base table or view not found: 1146 Table 'blog.{{user}}' doesn't exist. The SQL statement executed was: SHOW FULL COLUMNS FROM `{{user}}`.
2018/08/21 03:32:57 [error] [exception.CDbException] exception 'CDbException' with message 'The table "{{user}}" for active record class "User" cannot be found in the database.' in C:\wamp64\www\yii\framework\db\ar\CActiveRecord.php:2362
Stack trace:
#0 C:\wamp64\www\yii\framework\db\ar\CActiveRecord.php(411): CActiveRecordMetaData->__construct(Object(User))
#1 C:\wamp64\www\yii\framework\db\ar\CActiveRecord.php(658): CActiveRecord->getMetaData()
#2 C:\wamp64\www\yii\framework\db\ar\CActiveRecord.php(1350): CActiveRecord->getTableSchema()
#3 C:\wamp64\www\yii\framework\db\ar\CActiveRecord.php(1456): CActiveRecord->query(Object(CDbCriteria))
#4 C:\wamp64\www\yii\demos\blog\protected\components\UserIdentity.php(18): CActiveRecord->find('LOWER(username)...', Array)
#5 C:\wamp64\www\yii\demos\blog\protected\models\LoginForm.php(50): UserIdentity->authenticate()
#6 C:\wamp64\www\yii\framework\validators\CInlineValidator.php(42): LoginForm->authenticate('password', Array)
#7 C:\wamp64\www\yii\framework\validators\CValidator.php(213): CInlineValidator->validateAttribute(Object(LoginForm), 'password')
#8 C:\wamp64\www\yii\framework\base\CModel.php(159): CValidator->validate(Object(LoginForm), NULL)
#9 C:\wamp64\www\yii\demos\blog\protected\controllers\SiteController.php(82): CModel->validate()
#10 C:\wamp64\www\yii\framework\web\actions\CInlineAction.php(49): SiteController->actionLogin()
#11 C:\wamp64\www\yii\framework\web\CController.php(308): CInlineAction->runWithParams(Array)
#12 C:\wamp64\www\yii\framework\web\CController.php(286): CController->runAction(Object(CInlineAction))
#13 C:\wamp64\www\yii\framework\web\CController.php(265): CController->runActionWithFilters(Object(CInlineAction), Array)
#14 C:\wamp64\www\yii\framework\web\CWebApplication.php(282): CController->run('login')
#15 C:\wamp64\www\yii\framework\web\CWebApplication.php(141): CWebApplication->runController('site/login')
#16 C:\wamp64\www\yii\framework\base\CApplication.php(180): CWebApplication->processRequest()
#17 C:\wamp64\www\yii\demos\blog\index.php(11): CApplication->run()
#18 {main}
REQUEST_URI=/yii/demos/blog/index.php/site/login
HTTP_REFERER=http://localhost/yii/demos/blog/index.php/site/login
---
2018/08/21 03:37:27 [error] [system.db.CDbCommand] CDbCommand::fetchAll() failed: SQLSTATE[42S02]: Base table or view not found: 1146 Table 'blog.{{user}}' doesn't exist. The SQL statement executed was: SHOW FULL COLUMNS FROM `{{user}}`.
2018/08/21 03:37:27 [error] [exception.CDbException] exception 'CDbException' with message 'The table "{{user}}" for active record class "User" cannot be found in the database.' in C:\wamp64\www\yii\framework\db\ar\CActiveRecord.php:2362
Stack trace:
#0 C:\wamp64\www\yii\framework\db\ar\CActiveRecord.php(411): CActiveRecordMetaData->__construct(Object(User))
#1 C:\wamp64\www\yii\framework\db\ar\CActiveRecord.php(658): CActiveRecord->getMetaData()
#2 C:\wamp64\www\yii\framework\db\ar\CActiveRecord.php(1350): CActiveRecord->getTableSchema()
#3 C:\wamp64\www\yii\framework\db\ar\CActiveRecord.php(1456): CActiveRecord->query(Object(CDbCriteria))
#4 C:\wamp64\www\yii\demos\blog\protected\components\UserIdentity.php(18): CActiveRecord->find('LOWER(username)...', Array)
#5 C:\wamp64\www\yii\demos\blog\protected\models\LoginForm.php(50): UserIdentity->authenticate()
#6 C:\wamp64\www\yii\framework\validators\CInlineValidator.php(42): LoginForm->authenticate('password', Array)
#7 C:\wamp64\www\yii\framework\validators\CValidator.php(213): CInlineValidator->validateAttribute(Object(LoginForm), 'password')
#8 C:\wamp64\www\yii\framework\base\CModel.php(159): CValidator->validate(Object(LoginForm), NULL)
#9 C:\wamp64\www\yii\framework\web\widgets\CActiveForm.php(920): CModel->validate(NULL)
#10 C:\wamp64\www\yii\demos\blog\protected\controllers\SiteController.php(73): CActiveForm::validate(Object(LoginForm))
#11 C:\wamp64\www\yii\framework\web\actions\CInlineAction.php(49): SiteController->actionLogin()
#12 C:\wamp64\www\yii\framework\web\CController.php(308): CInlineAction->runWithParams(Array)
#13 C:\wamp64\www\yii\framework\web\CController.php(286): CController->runAction(Object(CInlineAction))
#14 C:\wamp64\www\yii\framework\web\CController.php(265): CController->runActionWithFilters(Object(CInlineAction), Array)
#15 C:\wamp64\www\yii\framework\web\CWebApplication.php(282): CController->run('login')
#16 C:\wamp64\www\yii\framework\web\CWebApplication.php(141): CWebApplication->runController('site/login')
#17 C:\wamp64\www\yii\framework\base\CApplication.php(180): CWebApplication->processRequest()
#18 C:\wamp64\www\yii\demos\blog\index.php(11): CApplication->run()
#19 {main}
REQUEST_URI=/yii/demos/blog/index.php/site/login
HTTP_REFERER=http://localhost/yii/demos/blog/index.php/site/login
---
2018/08/21 03:37:29 [error] [system.db.CDbCommand] CDbCommand::fetchAll() failed: SQLSTATE[42S02]: Base table or view not found: 1146 Table 'blog.{{user}}' doesn't exist. The SQL statement executed was: SHOW FULL COLUMNS FROM `{{user}}`.
2018/08/21 03:37:29 [error] [exception.CDbException] exception 'CDbException' with message 'The table "{{user}}" for active record class "User" cannot be found in the database.' in C:\wamp64\www\yii\framework\db\ar\CActiveRecord.php:2362
Stack trace:
#0 C:\wamp64\www\yii\framework\db\ar\CActiveRecord.php(411): CActiveRecordMetaData->__construct(Object(User))
#1 C:\wamp64\www\yii\framework\db\ar\CActiveRecord.php(658): CActiveRecord->getMetaData()
#2 C:\wamp64\www\yii\framework\db\ar\CActiveRecord.php(1350): CActiveRecord->getTableSchema()
#3 C:\wamp64\www\yii\framework\db\ar\CActiveRecord.php(1456): CActiveRecord->query(Object(CDbCriteria))
#4 C:\wamp64\www\yii\demos\blog\protected\components\UserIdentity.php(18): CActiveRecord->find('LOWER(username)...', Array)
#5 C:\wamp64\www\yii\demos\blog\protected\models\LoginForm.php(50): UserIdentity->authenticate()
#6 C:\wamp64\www\yii\framework\validators\CInlineValidator.php(42): LoginForm->authenticate('password', Array)
#7 C:\wamp64\www\yii\framework\validators\CValidator.php(213): CInlineValidator->validateAttribute(Object(LoginForm), 'password')
#8 C:\wamp64\www\yii\framework\base\CModel.php(159): CValidator->validate(Object(LoginForm), NULL)
#9 C:\wamp64\www\yii\framework\web\widgets\CActiveForm.php(920): CModel->validate(NULL)
#10 C:\wamp64\www\yii\demos\blog\protected\controllers\SiteController.php(73): CActiveForm::validate(Object(LoginForm))
#11 C:\wamp64\www\yii\framework\web\actions\CInlineAction.php(49): SiteController->actionLogin()
#12 C:\wamp64\www\yii\framework\web\CController.php(308): CInlineAction->runWithParams(Array)
#13 C:\wamp64\www\yii\framework\web\CController.php(286): CController->runAction(Object(CInlineAction))
#14 C:\wamp64\www\yii\framework\web\CController.php(265): CController->runActionWithFilters(Object(CInlineAction), Array)
#15 C:\wamp64\www\yii\framework\web\CWebApplication.php(282): CController->run('login')
#16 C:\wamp64\www\yii\framework\web\CWebApplication.php(141): CWebApplication->runController('site/login')
#17 C:\wamp64\www\yii\framework\base\CApplication.php(180): CWebApplication->processRequest()
#18 C:\wamp64\www\yii\demos\blog\index.php(11): CApplication->run()
#19 {main}
REQUEST_URI=/yii/demos/blog/index.php/site/login
HTTP_REFERER=http://localhost/yii/demos/blog/index.php/site/login
---
2018/08/21 03:37:30 [error] [system.db.CDbCommand] CDbCommand::fetchAll() failed: SQLSTATE[42S02]: Base table or view not found: 1146 Table 'blog.{{user}}' doesn't exist. The SQL statement executed was: SHOW FULL COLUMNS FROM `{{user}}`.
2018/08/21 03:37:30 [error] [exception.CDbException] exception 'CDbException' with message 'The table "{{user}}" for active record class "User" cannot be found in the database.' in C:\wamp64\www\yii\framework\db\ar\CActiveRecord.php:2362
Stack trace:
#0 C:\wamp64\www\yii\framework\db\ar\CActiveRecord.php(411): CActiveRecordMetaData->__construct(Object(User))
#1 C:\wamp64\www\yii\framework\db\ar\CActiveRecord.php(658): CActiveRecord->getMetaData()
#2 C:\wamp64\www\yii\framework\db\ar\CActiveRecord.php(1350): CActiveRecord->getTableSchema()
#3 C:\wamp64\www\yii\framework\db\ar\CActiveRecord.php(1456): CActiveRecord->query(Object(CDbCriteria))
#4 C:\wamp64\www\yii\demos\blog\protected\components\UserIdentity.php(18): CActiveRecord->find('LOWER(username)...', Array)
#5 C:\wamp64\www\yii\demos\blog\protected\models\LoginForm.php(50): UserIdentity->authenticate()
#6 C:\wamp64\www\yii\framework\validators\CInlineValidator.php(42): LoginForm->authenticate('password', Array)
#7 C:\wamp64\www\yii\framework\validators\CValidator.php(213): CInlineValidator->validateAttribute(Object(LoginForm), 'password')
#8 C:\wamp64\www\yii\framework\base\CModel.php(159): CValidator->validate(Object(LoginForm), NULL)
#9 C:\wamp64\www\yii\demos\blog\protected\controllers\SiteController.php(82): CModel->validate()
#10 C:\wamp64\www\yii\framework\web\actions\CInlineAction.php(49): SiteController->actionLogin()
#11 C:\wamp64\www\yii\framework\web\CController.php(308): CInlineAction->runWithParams(Array)
#12 C:\wamp64\www\yii\framework\web\CController.php(286): CController->runAction(Object(CInlineAction))
#13 C:\wamp64\www\yii\framework\web\CController.php(265): CController->runActionWithFilters(Object(CInlineAction), Array)
#14 C:\wamp64\www\yii\framework\web\CWebApplication.php(282): CController->run('login')
#15 C:\wamp64\www\yii\framework\web\CWebApplication.php(141): CWebApplication->runController('site/login')
#16 C:\wamp64\www\yii\framework\base\CApplication.php(180): CWebApplication->processRequest()
#17 C:\wamp64\www\yii\demos\blog\index.php(11): CApplication->run()
#18 {main}
REQUEST_URI=/yii/demos/blog/index.php/site/login
HTTP_REFERER=http://localhost/yii/demos/blog/index.php/site/login
---
2018/08/21 03:50:56 [error] [php] Undefined variable: xik3a6Zy73Ht (C:\wamp64\www\yii\demos\blog\protected\views\layouts\main.php:3)
Stack trace:
#0 C:\wamp64\www\yii\framework\web\widgets\CContentDecorator.php(76): PostController->renderFile()
#1 C:\wamp64\www\yii\framework\web\widgets\CContentDecorator.php(54): CContentDecorator->decorate()
#2 C:\wamp64\www\yii\framework\web\widgets\COutputProcessor.php(44): CContentDecorator->processOutput()
#3 C:\wamp64\www\yii\framework\web\CBaseController.php(206): CContentDecorator->run()
#4 C:\wamp64\www\yii\framework\web\CBaseController.php(300): PostController->endWidget()
#5 C:\wamp64\www\yii\demos\blog\protected\views\layouts\column2.php(22): PostController->endContent()
#6 C:\wamp64\www\yii\framework\web\CBaseController.php(126): require()
#7 C:\wamp64\www\yii\framework\web\CBaseController.php(95): PostController->renderInternal()
#8 C:\wamp64\www\yii\framework\web\CController.php(784): PostController->renderFile()
#9 C:\wamp64\www\yii\demos\blog\protected\controllers\PostController.php(136): PostController->render()
#10 C:\wamp64\www\yii\framework\web\actions\CInlineAction.php(49): PostController->actionIndex()
#11 C:\wamp64\www\yii\framework\web\CController.php(308): CInlineAction->runWithParams()
#12 C:\wamp64\www\yii\framework\web\filters\CFilterChain.php(133): PostController->runAction()
#13 C:\wamp64\www\yii\framework\web\filters\CFilter.php(40): CFilterChain->run()
#14 C:\wamp64\www\yii\framework\web\CController.php(1145): CAccessControlFilter->filter()
#15 C:\wamp64\www\yii\framework\web\filters\CInlineFilter.php(58): PostController->filterAccessControl()
#16 C:\wamp64\www\yii\framework\web\filters\CFilterChain.php(130): CInlineFilter->filter()
#17 C:\wamp64\www\yii\framework\web\CController.php(291): CFilterChain->run()
#18 C:\wamp64\www\yii\framework\web\CController.php(265): PostController->runActionWithFilters()
#19 C:\wamp64\www\yii\framework\web\CWebApplication.php(282): PostController->run()
#20 C:\wamp64\www\yii\framework\web\CWebApplication.php(141): CWebApplication->runController()
#21 C:\wamp64\www\yii\framework\base\CApplication.php(180): CWebApplication->processRequest()
#22 C:\wamp64\www\yii\demos\blog\index.php(11): CWebApplication->run()
REQUEST_URI=/yii/demos/blog/index.php/post/index
